2024-07-04 20:38:10.742 [http-nio-8083-exec-5] ERROR c.i.e.c.exceptions.ExceptionHandle - Unauthorized request: Message: Full authentication is required to access this resource, URL: http://localhost:8083/api/v1/products/auth/login, Method: POST, Client: null 0:0:0:0:0:0:0:1, Transaction ID: null
2024-07-04 20:40:37.309 [http-nio-8083-exec-10] ERROR c.i.e.c.exceptions.ExceptionHandle - Unauthorized request: Message: Full authentication is required to access this resource, URL: http://localhost:8083/api/v1/auth/login, Method: POST, Client: null 0:0:0:0:0:0:0:1, Transaction ID: null
2024-07-04 20:41:21.418 [http-nio-8083-exec-1] ERROR c.i.e.c.exceptions.ExceptionHandle - Unauthorized request: Message: Full authentication is required to access this resource, URL: http://localhost:8083/api/v1/auth/login, Method: POST, Client: null 0:0:0:0:0:0:0:1, Transaction ID: null
2024-07-04 20:41:32.330 [http-nio-8083-exec-2] ERROR c.i.e.c.exceptions.ExceptionHandle - Unauthorized request: Message: Full authentication is required to access this resource, URL: http://localhost:8083/api/v1/auth/login, Method: POST, Client: null 0:0:0:0:0:0:0:1, Transaction ID: null
2024-07-04 20:42:07.674 [http-nio-8083-exec-1] ERROR c.i.e.c.exceptions.ExceptionHandle - Unauthorized request: Message: Full authentication is required to access this resource, URL: http://localhost:8083/api/v1/auth/login, Method: POST, Client: null 0:0:0:0:0:0:0:1, Transaction ID: null
2024-07-04 20:51:04.717 [http-nio-8083-exec-1] ERROR c.i.e.c.exceptions.ExceptionHandle - Transaction ID: null
2024-07-04 20:51:04.718 [http-nio-8083-exec-1] ERROR c.i.e.c.exceptions.ExceptionHandle - Exception occurred for URL: uri=/api/v1/auth/login;client=0:0:0:0:0:0:0:1
2024-07-04 20:51:04.718 [http-nio-8083-exec-1] ERROR c.i.e.c.exceptions.ExceptionHandle - Exception class: com.inson.ersp.commons.exceptions.ForbiddenException
2024-07-04 20:51:04.718 [http-nio-8083-exec-1] ERROR c.i.e.c.exceptions.ExceptionHandle - Exception message: User not found username:LOGIN
2024-07-04 20:51:51.980 [http-nio-8083-exec-2] ERROR c.i.e.c.exceptions.ExceptionHandle - Unauthorized request: Message: Full authentication is required to access this resource, URL: http://localhost:8083/error, Method: POST, Client: null 0:0:0:0:0:0:0:1, Transaction ID: null
2024-07-04 20:53:30.859 [http-nio-8083-exec-1] ERROR c.i.e.c.exceptions.ExceptionHandle - Unauthorized request: Message: Full authentication is required to access this resource, URL: http://localhost:8083/error, Method: POST, Client: null 0:0:0:0:0:0:0:1, Transaction ID: null
2024-07-05 09:38:37.675 [http-nio-8083-exec-10] ERROR c.i.e.c.exceptions.ExceptionHandle - Unauthorized request: Message: Full authentication is required to access this resource, URL: http://localhost:8083/error, Method: POST, Client: null 0:0:0:0:0:0:0:1, Transaction ID: null
2024-07-05 09:43:00.056 [http-nio-8083-exec-1] ERROR c.i.e.c.exceptions.ExceptionHandle - Unauthorized request: Message: Full authentication is required to access this resource, URL: http://localhost:8083/error, Method: POST, Client: null 0:0:0:0:0:0:0:1, Transaction ID: null
2024-07-05 09:43:47.826 [http-nio-8083-exec-1] ERROR c.i.e.c.exceptions.ExceptionHandle - Unauthorized request: Message: Full authentication is required to access this resource, URL: http://localhost:8083/error, Method: POST, Client: null 0:0:0:0:0:0:0:1, Transaction ID: null
2024-07-05 09:49:57.112 [http-nio-8083-exec-1] ERROR c.i.e.c.exceptions.ExceptionHandle - Unauthorized request: Message: Full authentication is required to access this resource, URL: http://localhost:8083/error, Method: POST, Client: null 0:0:0:0:0:0:0:1, Transaction ID: null
2024-07-08 10:53:04.458 [http-nio-8090-exec-7] ERROR c.i.e.c.exceptions.ExceptionHandle - Unauthorized request: Message: Full authentication is required to access this resource, URL: http://localhost:8090/v1/api-docs/swagger-config, Method: GET, Client: null 0:0:0:0:0:0:0:1, Transaction ID: null
2024-07-08 11:52:11.022 [http-nio-8090-exec-6] ERROR c.i.e.c.exceptions.ExceptionHandle - Unauthorized request: Message: Full authentication is required to access this resource, URL: http://localhost:8090/api/v1/osgor/contract, Method: POST, Client: null 0:0:0:0:0:0:0:1, Transaction ID: null
2024-07-08 11:55:55.401 [http-nio-8090-exec-1] ERROR c.i.e.c.exceptions.ExceptionHandle - Transaction ID: null
2024-07-08 11:55:55.402 [http-nio-8090-exec-1] ERROR c.i.e.c.exceptions.ExceptionHandle - Exception occurred for URL: uri=/api/v1/osgor/contract;client=0:0:0:0:0:0:0:1;user=ERSP
2024-07-08 11:55:55.402 [http-nio-8090-exec-1] ERROR c.i.e.c.exceptions.ExceptionHandle - Exception class: java.lang.Exception
2024-07-08 11:55:55.402 [http-nio-8090-exec-1] ERROR c.i.e.c.exceptions.ExceptionHandle - Exception message: MethodArgumentNotValidException: [Contract endDate must be future or present., Contract startDate must be future or present]
2024-07-08 11:59:18.005 [http-nio-8090-exec-5] ERROR c.i.e.c.exceptions.ExceptionHandle - Transaction ID: null
2024-07-08 11:59:18.006 [http-nio-8090-exec-5] ERROR c.i.e.c.exceptions.ExceptionHandle - Exception occurred for URL: uri=/api/v1/osgor/contract;client=0:0:0:0:0:0:0:1;user=ERSP
2024-07-08 11:59:18.006 [http-nio-8090-exec-5] ERROR c.i.e.c.exceptions.ExceptionHandle - Exception class: java.lang.Exception
2024-07-08 11:59:18.006 [http-nio-8090-exec-5] ERROR c.i.e.c.exceptions.ExceptionHandle - Exception message: MethodArgumentNotValidException: [Contract startDate must be future or present, Contract endDate must be future or present.]
2024-07-08 12:00:12.488 [http-nio-8090-exec-6] ERROR c.i.e.c.exceptions.ExceptionHandle - Transaction ID: null
2024-07-08 12:00:12.489 [http-nio-8090-exec-6] ERROR c.i.e.c.exceptions.ExceptionHandle - Exception occurred for URL: uri=/api/v1/osgor/contract;client=0:0:0:0:0:0:0:1;user=ERSP
2024-07-08 12:00:12.489 [http-nio-8090-exec-6] ERROR c.i.e.c.exceptions.ExceptionHandle - Exception class: java.lang.Exception
2024-07-08 12:00:12.489 [http-nio-8090-exec-6] ERROR c.i.e.c.exceptions.ExceptionHandle - Exception message: MethodArgumentNotValidException: [Contract endDate must be future or present., Contract startDate must be future or present]
2024-07-08 13:56:59.942 [http-nio-8090-exec-10] ERROR c.i.e.c.exceptions.ExceptionHandle - Unauthorized request: Message: Bad credentials, URL: http://localhost:8090/api/v1/auth/login, Method: POST, Client: null 0:0:0:0:0:0:0:1, Transaction ID: null
2024-07-08 14:43:27.046 [http-nio-8090-exec-5] ERROR c.i.e.c.exceptions.ExceptionHandle - Transaction ID: null
2024-07-08 14:43:27.047 [http-nio-8090-exec-5] ERROR c.i.e.c.exceptions.ExceptionHandle - Exception occurred for URL: uri=/api/v1/osgor/contract;client=0:0:0:0:0:0:0:1;user=ERSP
2024-07-08 14:43:27.047 [http-nio-8090-exec-5] ERROR c.i.e.c.exceptions.ExceptionHandle - Exception class: java.lang.Exception
2024-07-08 14:43:27.047 [http-nio-8090-exec-5] ERROR c.i.e.c.exceptions.ExceptionHandle - Exception message: MethodArgumentNotValidException: [Contract endDate must be future or present., Contract startDate must be future or present]
2024-07-08 14:43:53.449 [http-nio-8090-exec-4] ERROR c.i.e.c.exceptions.ExceptionHandle - Transaction ID: null
2024-07-08 14:43:53.450 [http-nio-8090-exec-4] ERROR c.i.e.c.exceptions.ExceptionHandle - Exception occurred for URL: uri=/api/v1/osgop/contract;client=0:0:0:0:0:0:0:1;user=ERSP
2024-07-08 14:43:53.450 [http-nio-8090-exec-4] ERROR c.i.e.c.exceptions.ExceptionHandle - Exception class: java.lang.Exception
2024-07-08 14:43:53.450 [http-nio-8090-exec-4] ERROR c.i.e.c.exceptions.ExceptionHandle - Exception message: MethodArgumentNotValidException: [Contract end date must be future or present., Contract start date must be future or present.]
2024-07-08 14:58:30.871 [http-nio-8090-exec-7] ERROR c.i.e.c.exceptions.ExceptionHandle - Unauthorized request: Message: Full authentication is required to access this resource, URL: http://localhost:8090/swagger.json/all/swagger-config, Method: GET, Client: null 0:0:0:0:0:0:0:1, Transaction ID: null
2024-07-09 10:34:07.151 [http-nio-8090-exec-1] ERROR c.i.e.c.exceptions.ExceptionHandle - Transaction ID: null
2024-07-09 10:34:07.152 [http-nio-8090-exec-1] ERROR c.i.e.c.exceptions.ExceptionHandle - Exception occurred for URL: uri=/api/v1/osgop/contract;client=0:0:0:0:0:0:0:1;user=ERSP
2024-07-09 10:34:07.152 [http-nio-8090-exec-1] ERROR c.i.e.c.exceptions.ExceptionHandle - Exception class: java.lang.Exception
2024-07-09 10:34:07.152 [http-nio-8090-exec-1] ERROR c.i.e.c.exceptions.ExceptionHandle - Exception message: MethodArgumentNotValidException: [Contract end date must be future or present., Contract start date must be future or present.]
2024-07-09 10:47:00.983 [http-nio-8090-exec-9] ERROR c.i.e.c.exceptions.ExceptionHandle - Transaction ID: null
2024-07-09 10:47:00.983 [http-nio-8090-exec-9] ERROR c.i.e.c.exceptions.ExceptionHandle - Exception occurred for URL: uri=/api/v1/osgop/contract;client=0:0:0:0:0:0:0:1;user=ERSP
2024-07-09 10:47:00.983 [http-nio-8090-exec-9] ERROR c.i.e.c.exceptions.ExceptionHandle - Exception class: java.lang.Exception
2024-07-09 10:47:00.983 [http-nio-8090-exec-9] ERROR c.i.e.c.exceptions.ExceptionHandle - Exception message: MethodArgumentNotValidException: [Contract start date must be future or present., Contract end date must be future or present.]
